  main.cpp
I:\scene\blueprint\blueprint\blueprint\source\math.h(15,16): error C2143: syntax error: missing ';' before '+'
I:\scene\blueprint\blueprint\blueprint\source\math.h(15,25): error C2433: 'v3': '__forceinline' not permitted on data declarations
I:\scene\blueprint\blueprint\blueprint\source\math.h(15,25): error C4430: missing type specifier - int assumed. Note: C++ does not support default-int
I:\scene\blueprint\blueprint\blueprint\source\math.h(15,52): error C4430: missing type specifier - int assumed. Note: C++ does not support default-int
I:\scene\blueprint\blueprint\blueprint\source\math.h(15,85): error C2440: 'return': cannot convert from 'initializer list' to 'int'
I:\scene\blueprint\blueprint\blueprint\source\math.h(15,61): message : The initializer contains too many elements
I:\scene\blueprint\blueprint\blueprint\source\math.h(15,87): error C2617: 'operator +': inconsistent return statement
I:\scene\blueprint\blueprint\blueprint\source\math.h(15): message : see declaration of 'operator +'
I:\scene\blueprint\blueprint\blueprint\source\math.h(16,16): error C2143: syntax error: missing ';' before '-'
I:\scene\blueprint\blueprint\blueprint\source\math.h(16,25): error C2433: 'v3': '__forceinline' not permitted on data declarations
I:\scene\blueprint\blueprint\blueprint\source\math.h(16,25): error C4430: missing type specifier - int assumed. Note: C++ does not support default-int
I:\scene\blueprint\blueprint\blueprint\source\math.h(16,13): error C2086: 'int v3': redefinition
I:\scene\blueprint\blueprint\blueprint\source\math.h(15): message : see declaration of 'v3'
I:\scene\blueprint\blueprint\blueprint\source\math.h(16,52): error C4430: missing type specifier - int assumed. Note: C++ does not support default-int
I:\scene\blueprint\blueprint\blueprint\source\math.h(16,85): error C2440: 'return': cannot convert from 'initializer list' to 'int'
I:\scene\blueprint\blueprint\blueprint\source\math.h(16,61): message : The initializer contains too many elements
I:\scene\blueprint\blueprint\blueprint\source\math.h(16,87): error C2617: 'operator -': inconsistent return statement
I:\scene\blueprint\blueprint\blueprint\source\math.h(16): message : see declaration of 'operator -'
I:\scene\blueprint\blueprint\blueprint\source\main.cpp(6,6): error C2146: syntax error: missing ';' before identifier 'vec'
I:\scene\blueprint\blueprint\blueprint\source\main.cpp(6,6): error C2065: 'vec': undeclared identifier
I:\scene\blueprint\blueprint\blueprint\source\main.cpp(7,3): error C2065: 'vec': undeclared identifier
I:\scene\blueprint\blueprint\blueprint\source\main.cpp(8,3): error C2065: 'vec': undeclared identifier
I:\scene\blueprint\blueprint\blueprint\source\main.cpp(9,3): error C2065: 'vec': undeclared identifier
